# JRE version: Java(TM) SE Runtime Environment (8.0_201-b09) (build 1.8.0_201-b09)
# Java VM: Java HotSpot(TM) 64-Bit Server VM (25.201-b09 mixed mode windows-amd64 compressed oops)
Heap:
 PSYoungGen      total 283648K, used 94070K [0x0000000716000000, 0x0000000730900000, 0x00000007c0000000)
  eden space 262144K, 35% used [0x0000000716000000,0x000000071bbdd870,0x0000000726000000)
  from space 21504K, 0% used [0x0000000726000000,0x0000000726000000,0x0000000727500000)
  to   space 21504K, 0% used [0x000000072f400000,0x000000072f400000,0x0000000730900000)
 ParOldGen       total 312832K, used 21581K [0x00000005c2000000, 0x00000005d5180000, 0x0000000716000000)
  object space 312832K, 6% used [0x00000005c2000000,0x00000005c35134f8,0x00000005d5180000)
 Metaspace       used 41641K, capacity 43230K, committed 43568K, reserved 1087488K
  class space    used 5327K, capacity 5633K, committed 5680K, reserved 1048576K
GC Heap History (10 events):
Event: 0.821 GC heap before
{Heap before GC invocations=1 (full 0):
 PSYoungGen      total 152576K, used 131072K [0x0000000716000000, 0x0000000720a00000, 0x00000007c0000000)
  eden space 131072K, 100% used [0x0000000716000000,0x000000071e000000,0x000000071e000000)
  from space 21504K, 0% used [0x000000071f500000,0x000000071f500000,0x0000000720a00000)
  to   space 21504K, 0% used [0x000000071e000000,0x000000071e000000,0x000000071f500000)
 ParOldGen       total 348160K, used 0K [0x00000005c2000000, 0x00000005d7400000, 0x0000000716000000)
  object space 348160K, 0% used [0x00000005c2000000,0x00000005c2000000,0x00000005d7400000)
 Metaspace       used 17331K, capacity 17820K, committed 18048K, reserved 1064960K
  class space    used 2245K, capacity 2383K, committed 2432K, reserved 1048576K
Event: 0.830 GC heap after
Heap after GC invocations=1 (full 0):
 PSYoungGen      total 152576K, used 13727K [0x0000000716000000, 0x0000000728a00000, 0x00000007c0000000)
  eden space 131072K, 0% used [0x0000000716000000,0x0000000716000000,0x000000071e000000)
  from space 21504K, 63% used [0x000000071e000000,0x000000071ed67ed8,0x000000071f500000)
  to   space 21504K, 0% used [0x0000000727500000,0x0000000727500000,0x0000000728a00000)
 ParOldGen       total 348160K, used 16K [0x00000005c2000000, 0x00000005d7400000, 0x0000000716000000)
  object space 348160K, 0% used [0x00000005c2000000,0x00000005c2004000,0x00000005d7400000)
 Metaspace       used 17331K, capacity 17820K, committed 18048K, reserved 1064960K
  class space    used 2245K, capacity 2383K, committed 2432K, reserved 1048576K
}
Event: 0.937 GC heap before
{Heap before GC invocations=2 (full 0):
 PSYoungGen      total 152576K, used 47495K [0x0000000716000000, 0x0000000728a00000, 0x00000007c0000000)
  eden space 131072K, 25% used [0x0000000716000000,0x00000007180f9ff8,0x000000071e000000)
  from space 21504K, 63% used [0x000000071e000000,0x000000071ed67ed8,0x000000071f500000)
  to   space 21504K, 0% used [0x0000000727500000,0x0000000727500000,0x0000000728a00000)
 ParOldGen       total 348160K, used 16K [0x00000005c2000000, 0x00000005d7400000, 0x0000000716000000)
  object space 348160K, 0% used [0x00000005c2000000,0x00000005c2004000,0x00000005d7400000)
 Metaspace       used 20730K, capacity 21244K, committed 21296K, reserved 1067008K
  class space    used 2688K, capacity 2845K, committed 2864K, reserved 1048576K
Event: 0.942 GC heap after
Heap after GC invocations=2 (full 0):
 PSYoungGen      total 283648K, used 7804K [0x0000000716000000, 0x0000000728a00000, 0x00000007c0000000)
  eden space 262144K, 0% used [0x0000000716000000,0x0000000716000000,0x0000000726000000)
  from space 21504K, 36% used [0x0000000727500000,0x0000000727c9f1b8,0x0000000728a00000)
  to   space 21504K, 0% used [0x0000000726000000,0x0000000726000000,0x0000000727500000)
 ParOldGen       total 348160K, used 24K [0x00000005c2000000, 0x00000005d7400000, 0x0000000716000000)
  object space 348160K, 0% used [0x00000005c2000000,0x00000005c2006000,0x00000005d7400000)
 Metaspace       used 20730K, capacity 21244K, committed 21296K, reserved 1067008K
  class space    used 2688K, capacity 2845K, committed 2864K, reserved 1048576K
}
Event: 0.942 GC heap before
{Heap before GC invocations=3 (full 1):
 PSYoungGen      total 283648K, used 7804K [0x0000000716000000, 0x0000000728a00000, 0x00000007c0000000)
  eden space 262144K, 0% used [0x0000000716000000,0x0000000716000000,0x0000000726000000)
  from space 21504K, 36% used [0x0000000727500000,0x0000000727c9f1b8,0x0000000728a00000)
  to   space 21504K, 0% used [0x0000000726000000,0x0000000726000000,0x0000000727500000)
 ParOldGen       total 348160K, used 24K [0x00000005c2000000, 0x00000005d7400000, 0x0000000716000000)
  object space 348160K, 0% used [0x00000005c2000000,0x00000005c2006000,0x00000005d7400000)
 Metaspace       used 20730K, capacity 21244K, committed 21296K, reserved 1067008K
  class space    used 2688K, capacity 2845K, committed 2864K, reserved 1048576K
Event: 0.961 GC heap after
Heap after GC invocations=3 (full 1):
 PSYoungGen      total 283648K, used 0K [0x0000000716000000, 0x0000000728a00000, 0x00000007c0000000)
  eden space 262144K, 0% used [0x0000000716000000,0x0000000716000000,0x0000000726000000)
  from space 21504K, 0% used [0x0000000727500000,0x0000000727500000,0x0000000728a00000)
  to   space 21504K, 0% used [0x0000000726000000,0x0000000726000000,0x0000000727500000)
 ParOldGen       total 197120K, used 7443K [0x00000005c2000000, 0x00000005ce080000, 0x0000000716000000)
  object space 197120K, 3% used [0x00000005c2000000,0x00000005c2744e18,0x00000005ce080000)
 Metaspace       used 20728K, capacity 21238K, committed 21296K, reserved 1067008K
  class space    used 2687K, capacity 2844K, committed 2864K, reserved 1048576K
}
Event: 2.055 GC heap before
{Heap before GC invocations=4 (full 1):
 PSYoungGen      total 283648K, used 230664K [0x0000000716000000, 0x0000000728a00000, 0x00000007c0000000)
  eden space 262144K, 87% used [0x0000000716000000,0x0000000724142198,0x0000000726000000)
  from space 21504K, 0% used [0x0000000727500000,0x0000000727500000,0x0000000728a00000)
  to   space 21504K, 0% used [0x0000000726000000,0x0000000726000000,0x0000000727500000)
 ParOldGen       total 197120K, used 7443K [0x00000005c2000000, 0x00000005ce080000, 0x0000000716000000)
  object space 197120K, 3% used [0x00000005c2000000,0x00000005c2744e18,0x00000005ce080000)
 Metaspace       used 34103K, capacity 35484K, committed 35496K, reserved 1081344K
  class space    used 4379K, capacity 4644K, committed 4656K, reserved 1048576K
Event: 2.065 GC heap after
Heap after GC invocations=4 (full 1):
 PSYoungGen      total 283648K, used 17811K [0x0000000716000000, 0x0000000730900000, 0x00000007c0000000)
  eden space 262144K, 0% used [0x0000000716000000,0x0000000716000000,0x0000000726000000)
  from space 21504K, 82% used [0x0000000726000000,0x0000000727164fa0,0x0000000727500000)
  to   space 21504K, 0% used [0x000000072f400000,0x000000072f400000,0x0000000730900000)
 ParOldGen       total 197120K, used 7515K [0x00000005c2000000, 0x00000005ce080000, 0x0000000716000000)
  object space 197120K, 3% used [0x00000005c2000000,0x00000005c2756e28,0x00000005ce080000)
 Metaspace       used 34103K, capacity 35484K, committed 35496K, reserved 1081344K
  class space    used 4379K, capacity 4644K, committed 4656K, reserved 1048576K
}
Event: 2.065 GC heap before
{Heap before GC invocations=5 (full 2):
 PSYoungGen      total 283648K, used 17811K [0x0000000716000000, 0x0000000730900000, 0x00000007c0000000)
  eden space 262144K, 0% used [0x0000000716000000,0x0000000716000000,0x0000000726000000)
  from space 21504K, 82% used [0x0000000726000000,0x0000000727164fa0,0x0000000727500000)
  to   space 21504K, 0% used [0x000000072f400000,0x000000072f400000,0x0000000730900000)
 ParOldGen       total 197120K, used 7515K [0x00000005c2000000, 0x00000005ce080000, 0x0000000716000000)
  object space 197120K, 3% used [0x00000005c2000000,0x00000005c2756e28,0x00000005ce080000)
 Metaspace       used 34103K, capacity 35484K, committed 35496K, reserved 1081344K
  class space    used 4379K, capacity 4644K, committed 4656K, reserved 1048576K
Event: 2.093 GC heap after
Heap after GC invocations=5 (full 2):
 PSYoungGen      total 283648K, used 0K [0x0000000716000000, 0x0000000730900000, 0x00000007c0000000)
  eden space 262144K, 0% used [0x0000000716000000,0x0000000716000000,0x0000000726000000)
  from space 21504K, 0% used [0x0000000726000000,0x0000000726000000,0x0000000727500000)
  to   space 21504K, 0% used [0x000000072f400000,0x000000072f400000,0x0000000730900000)
 ParOldGen       total 312832K, used 21581K [0x00000005c2000000, 0x00000005d5180000, 0x0000000716000000)
  object space 312832K, 6% used [0x00000005c2000000,0x00000005c35134f8,0x00000005d5180000)
 Metaspace       used 34103K, capacity 35484K, committed 35496K, reserved 1081344K
  class space    used 4379K, capacity 4644K, committed 4656K, reserved 1048576K
}

