# JRE version: Java(TM) SE Runtime Environment (8.0_201-b09) (build 1.8.0_201-b09)
# Java VM: Java HotSpot(TM) 64-Bit Server VM (25.201-b09 mixed mode windows-amd64 compressed oops)
Heap:
 PSYoungGen      total 220672K, used 141083K [0x0000000716000000, 0x0000000725200000, 0x00000007c0000000)
  eden space 204800K, 68% used [0x0000000716000000,0x000000071e9c6d38,0x0000000722800000)
  from space 15872K, 0% used [0x0000000724280000,0x0000000724280000,0x0000000725200000)
  to   space 21504K, 0% used [0x0000000722800000,0x0000000722800000,0x0000000723d00000)
 ParOldGen       total 183296K, used 15404K [0x00000005c2000000, 0x00000005cd300000, 0x0000000716000000)
  object space 183296K, 8% used [0x00000005c2000000,0x00000005c2f0b378,0x00000005cd300000)
 Metaspace       used 43469K, capacity 45020K, committed 45144K, reserved 1089536K
  class space    used 5554K, capacity 5878K, committed 5976K, reserved 1048576K
GC Heap History (10 events):
Event: 0.906 GC heap before
{Heap before GC invocations=2 (full 0):
 PSYoungGen      total 152576K, used 44941K [0x0000000716000000, 0x0000000720a00000, 0x00000007c0000000)
  eden space 131072K, 23% used [0x0000000716000000,0x0000000717e761e0,0x000000071e000000)
  from space 21504K, 63% used [0x000000071e000000,0x000000071ed6d498,0x000000071f500000)
  to   space 21504K, 0% used [0x000000071f500000,0x000000071f500000,0x0000000720a00000)
 ParOldGen       total 348160K, used 16K [0x00000005c2000000, 0x00000005d7400000, 0x0000000716000000)
  object space 348160K, 0% used [0x00000005c2000000,0x00000005c2004000,0x00000005d7400000)
 Metaspace       used 20646K, capacity 21110K, committed 21248K, reserved 1067008K
  class space    used 2672K, capacity 2800K, committed 2816K, reserved 1048576K
Event: 0.911 GC heap after
Heap after GC invocations=2 (full 0):
 PSYoungGen      total 152576K, used 7963K [0x0000000716000000, 0x0000000720a00000, 0x00000007c0000000)
  eden space 131072K, 0% used [0x0000000716000000,0x0000000716000000,0x000000071e000000)
  from space 21504K, 37% used [0x000000071f500000,0x000000071fcc6da0,0x0000000720a00000)
  to   space 21504K, 0% used [0x000000071e000000,0x000000071e000000,0x000000071f500000)
 ParOldGen       total 348160K, used 24K [0x00000005c2000000, 0x00000005d7400000, 0x0000000716000000)
  object space 348160K, 0% used [0x00000005c2000000,0x00000005c2006000,0x00000005d7400000)
 Metaspace       used 20646K, capacity 21110K, committed 21248K, reserved 1067008K
  class space    used 2672K, capacity 2800K, committed 2816K, reserved 1048576K
}
Event: 0.911 GC heap before
{Heap before GC invocations=3 (full 1):
 PSYoungGen      total 152576K, used 7963K [0x0000000716000000, 0x0000000720a00000, 0x00000007c0000000)
  eden space 131072K, 0% used [0x0000000716000000,0x0000000716000000,0x000000071e000000)
  from space 21504K, 37% used [0x000000071f500000,0x000000071fcc6da0,0x0000000720a00000)
  to   space 21504K, 0% used [0x000000071e000000,0x000000071e000000,0x000000071f500000)
 ParOldGen       total 348160K, used 24K [0x00000005c2000000, 0x00000005d7400000, 0x0000000716000000)
  object space 348160K, 0% used [0x00000005c2000000,0x00000005c2006000,0x00000005d7400000)
 Metaspace       used 20646K, capacity 21110K, committed 21248K, reserved 1067008K
  class space    used 2672K, capacity 2800K, committed 2816K, reserved 1048576K
Event: 0.927 GC heap after
Heap after GC invocations=3 (full 1):
 PSYoungGen      total 152576K, used 0K [0x0000000716000000, 0x0000000720a00000, 0x00000007c0000000)
  eden space 131072K, 0% used [0x0000000716000000,0x0000000716000000,0x000000071e000000)
  from space 21504K, 0% used [0x000000071f500000,0x000000071f500000,0x0000000720a00000)
  to   space 21504K, 0% used [0x000000071e000000,0x000000071e000000,0x000000071f500000)
 ParOldGen       total 183296K, used 7424K [0x00000005c2000000, 0x00000005cd300000, 0x0000000716000000)
  object space 183296K, 4% used [0x00000005c2000000,0x00000005c2740128,0x00000005cd300000)
 Metaspace       used 20644K, capacity 21104K, committed 21248K, reserved 1067008K
  class space    used 2671K, capacity 2799K, committed 2816K, reserved 1048576K
}
Event: 1.399 GC heap before
{Heap before GC invocations=4 (full 1):
 PSYoungGen      total 152576K, used 131072K [0x0000000716000000, 0x0000000720a00000, 0x00000007c0000000)
  eden space 131072K, 100% used [0x0000000716000000,0x000000071e000000,0x000000071e000000)
  from space 21504K, 0% used [0x000000071f500000,0x000000071f500000,0x0000000720a00000)
  to   space 21504K, 0% used [0x000000071e000000,0x000000071e000000,0x000000071f500000)
 ParOldGen       total 183296K, used 7424K [0x00000005c2000000, 0x00000005cd300000, 0x0000000716000000)
  object space 183296K, 4% used [0x00000005c2000000,0x00000005c2740128,0x00000005cd300000)
 Metaspace       used 28038K, capacity 28822K, committed 28928K, reserved 1075200K
  class space    used 3553K, capacity 3755K, committed 3840K, reserved 1048576K
Event: 1.405 GC heap after
Heap after GC invocations=4 (full 1):
 PSYoungGen      total 152576K, used 10223K [0x0000000716000000, 0x0000000725780000, 0x00000007c0000000)
  eden space 131072K, 0% used [0x0000000716000000,0x0000000716000000,0x000000071e000000)
  from space 21504K, 47% used [0x000000071e000000,0x000000071e9fbeb8,0x000000071f500000)
  to   space 21504K, 0% used [0x0000000724280000,0x0000000724280000,0x0000000725780000)
 ParOldGen       total 183296K, used 7432K [0x00000005c2000000, 0x00000005cd300000, 0x0000000716000000)
  object space 183296K, 4% used [0x00000005c2000000,0x00000005c2742128,0x00000005cd300000)
 Metaspace       used 28038K, capacity 28822K, committed 28928K, reserved 1075200K
  class space    used 3553K, capacity 3755K, committed 3840K, reserved 1048576K
}
Event: 2.007 GC heap before
{Heap before GC invocations=5 (full 1):
 PSYoungGen      total 152576K, used 117404K [0x0000000716000000, 0x0000000725780000, 0x00000007c0000000)
  eden space 131072K, 81% used [0x0000000716000000,0x000000071c8ab280,0x000000071e000000)
  from space 21504K, 47% used [0x000000071e000000,0x000000071e9fbeb8,0x000000071f500000)
  to   space 21504K, 0% used [0x0000000724280000,0x0000000724280000,0x0000000725780000)
 ParOldGen       total 183296K, used 7432K [0x00000005c2000000, 0x00000005cd300000, 0x0000000716000000)
  object space 183296K, 4% used [0x00000005c2000000,0x00000005c2742128,0x00000005cd300000)
 Metaspace       used 34012K, capacity 35386K, committed 35416K, reserved 1079296K
  class space    used 4368K, capacity 4667K, committed 4696K, reserved 1048576K
Event: 2.013 GC heap after
Heap after GC invocations=5 (full 1):
 PSYoungGen      total 220672K, used 11194K [0x0000000716000000, 0x0000000725200000, 0x00000007c0000000)
  eden space 204800K, 0% used [0x0000000716000000,0x0000000716000000,0x0000000722800000)
  from space 15872K, 70% used [0x0000000724280000,0x0000000724d6eaa0,0x0000000725200000)
  to   space 21504K, 0% used [0x0000000722800000,0x0000000722800000,0x0000000723d00000)
 ParOldGen       total 183296K, used 7504K [0x00000005c2000000, 0x00000005cd300000, 0x0000000716000000)
  object space 183296K, 4% used [0x00000005c2000000,0x00000005c2754138,0x00000005cd300000)
 Metaspace       used 34012K, capacity 35386K, committed 35416K, reserved 1079296K
  class space    used 4368K, capacity 4667K, committed 4696K, reserved 1048576K
}
Event: 2.013 GC heap before
{Heap before GC invocations=6 (full 2):
 PSYoungGen      total 220672K, used 11194K [0x0000000716000000, 0x0000000725200000, 0x00000007c0000000)
  eden space 204800K, 0% used [0x0000000716000000,0x0000000716000000,0x0000000722800000)
  from space 15872K, 70% used [0x0000000724280000,0x0000000724d6eaa0,0x0000000725200000)
  to   space 21504K, 0% used [0x0000000722800000,0x0000000722800000,0x0000000723d00000)
 ParOldGen       total 183296K, used 7504K [0x00000005c2000000, 0x00000005cd300000, 0x0000000716000000)
  object space 183296K, 4% used [0x00000005c2000000,0x00000005c2754138,0x00000005cd300000)
 Metaspace       used 34012K, capacity 35386K, committed 35416K, reserved 1079296K
  class space    used 4368K, capacity 4667K, committed 4696K, reserved 1048576K
Event: 2.039 GC heap after
Heap after GC invocations=6 (full 2):
 PSYoungGen      total 220672K, used 0K [0x0000000716000000, 0x0000000725200000, 0x00000007c0000000)
  eden space 204800K, 0% used [0x0000000716000000,0x0000000716000000,0x0000000722800000)
  from space 15872K, 0% used [0x0000000724280000,0x0000000724280000,0x0000000725200000)
  to   space 21504K, 0% used [0x0000000722800000,0x0000000722800000,0x0000000723d00000)
 ParOldGen       total 183296K, used 15404K [0x00000005c2000000, 0x00000005cd300000, 0x0000000716000000)
  object space 183296K, 8% used [0x00000005c2000000,0x00000005c2f0b378,0x00000005cd300000)
 Metaspace       used 34012K, capacity 35386K, committed 35416K, reserved 1079296K
  class space    used 4368K, capacity 4667K, committed 4696K, reserved 1048576K
}

