# JRE version: Java(TM) SE Runtime Environment (8.0_201-b09) (build 1.8.0_201-b09)
# Java VM: Java HotSpot(TM) 64-Bit Server VM (25.201-b09 mixed mode windows-amd64 compressed oops)
Heap:
 PSYoungGen      total 214016K, used 94824K [0x0000000716000000, 0x0000000724a80000, 0x00000007c0000000)
  eden space 197120K, 48% used [0x0000000716000000,0x000000071bc9a2a8,0x0000000722080000)
  from space 16896K, 0% used [0x0000000723a00000,0x0000000723a00000,0x0000000724a80000)
  to   space 21504K, 0% used [0x0000000722080000,0x0000000722080000,0x0000000723580000)
 ParOldGen       total 192000K, used 15319K [0x00000005c2000000, 0x00000005cdb80000, 0x0000000716000000)
  object space 192000K, 7% used [0x00000005c2000000,0x00000005c2ef5fe8,0x00000005cdb80000)
 Metaspace       used 41748K, capacity 43314K, committed 43608K, reserved 1087488K
  class space    used 5335K, capacity 5665K, committed 5720K, reserved 1048576K
GC Heap History (10 events):
Event: 0.930 GC heap before
{Heap before GC invocations=2 (full 0):
 PSYoungGen      total 152576K, used 40412K [0x0000000716000000, 0x0000000720a00000, 0x00000007c0000000)
  eden space 131072K, 20% used [0x0000000716000000,0x00000007179a3e70,0x000000071e000000)
  from space 21504K, 65% used [0x000000071e000000,0x000000071edd3230,0x000000071f500000)
  to   space 21504K, 0% used [0x000000071f500000,0x000000071f500000,0x0000000720a00000)
 ParOldGen       total 348160K, used 16K [0x00000005c2000000, 0x00000005d7400000, 0x0000000716000000)
  object space 348160K, 0% used [0x00000005c2000000,0x00000005c2004000,0x00000005d7400000)
 Metaspace       used 20657K, capacity 21118K, committed 21248K, reserved 1067008K
  class space    used 2671K, capacity 2804K, committed 2816K, reserved 1048576K
Event: 0.934 GC heap after
Heap after GC invocations=2 (full 0):
 PSYoungGen      total 152576K, used 7208K [0x0000000716000000, 0x0000000720a00000, 0x00000007c0000000)
  eden space 131072K, 0% used [0x0000000716000000,0x0000000716000000,0x000000071e000000)
  from space 21504K, 33% used [0x000000071f500000,0x000000071fc0a390,0x0000000720a00000)
  to   space 21504K, 0% used [0x000000071e000000,0x000000071e000000,0x000000071f500000)
 ParOldGen       total 348160K, used 24K [0x00000005c2000000, 0x00000005d7400000, 0x0000000716000000)
  object space 348160K, 0% used [0x00000005c2000000,0x00000005c2006000,0x00000005d7400000)
 Metaspace       used 20657K, capacity 21118K, committed 21248K, reserved 1067008K
  class space    used 2671K, capacity 2804K, committed 2816K, reserved 1048576K
}
Event: 0.934 GC heap before
{Heap before GC invocations=3 (full 1):
 PSYoungGen      total 152576K, used 7208K [0x0000000716000000, 0x0000000720a00000, 0x00000007c0000000)
  eden space 131072K, 0% used [0x0000000716000000,0x0000000716000000,0x000000071e000000)
  from space 21504K, 33% used [0x000000071f500000,0x000000071fc0a390,0x0000000720a00000)
  to   space 21504K, 0% used [0x000000071e000000,0x000000071e000000,0x000000071f500000)
 ParOldGen       total 348160K, used 24K [0x00000005c2000000, 0x00000005d7400000, 0x0000000716000000)
  object space 348160K, 0% used [0x00000005c2000000,0x00000005c2006000,0x00000005d7400000)
 Metaspace       used 20657K, capacity 21118K, committed 21248K, reserved 1067008K
  class space    used 2671K, capacity 2804K, committed 2816K, reserved 1048576K
Event: 0.951 GC heap after
Heap after GC invocations=3 (full 1):
 PSYoungGen      total 152576K, used 0K [0x0000000716000000, 0x0000000720a00000, 0x00000007c0000000)
  eden space 131072K, 0% used [0x0000000716000000,0x0000000716000000,0x000000071e000000)
  from space 21504K, 0% used [0x000000071f500000,0x000000071f500000,0x0000000720a00000)
  to   space 21504K, 0% used [0x000000071e000000,0x000000071e000000,0x000000071f500000)
 ParOldGen       total 192000K, used 6870K [0x00000005c2000000, 0x00000005cdb80000, 0x0000000716000000)
  object space 192000K, 3% used [0x00000005c2000000,0x00000005c26b5b38,0x00000005cdb80000)
 Metaspace       used 20655K, capacity 21112K, committed 21248K, reserved 1067008K
  class space    used 2671K, capacity 2803K, committed 2816K, reserved 1048576K
}
Event: 1.430 GC heap before
{Heap before GC invocations=4 (full 1):
 PSYoungGen      total 152576K, used 131072K [0x0000000716000000, 0x0000000720a00000, 0x00000007c0000000)
  eden space 131072K, 100% used [0x0000000716000000,0x000000071e000000,0x000000071e000000)
  from space 21504K, 0% used [0x000000071f500000,0x000000071f500000,0x0000000720a00000)
  to   space 21504K, 0% used [0x000000071e000000,0x000000071e000000,0x000000071f500000)
 ParOldGen       total 192000K, used 6870K [0x00000005c2000000, 0x00000005cdb80000, 0x0000000716000000)
  object space 192000K, 3% used [0x00000005c2000000,0x00000005c26b5b38,0x00000005cdb80000)
 Metaspace       used 28155K, capacity 28956K, committed 29184K, reserved 1075200K
  class space    used 3561K, capacity 3756K, committed 3840K, reserved 1048576K
Event: 1.436 GC heap after
Heap after GC invocations=4 (full 1):
 PSYoungGen      total 152576K, used 10445K [0x0000000716000000, 0x0000000724f00000, 0x00000007c0000000)
  eden space 131072K, 0% used [0x0000000716000000,0x0000000716000000,0x000000071e000000)
  from space 21504K, 48% used [0x000000071e000000,0x000000071ea33660,0x000000071f500000)
  to   space 21504K, 0% used [0x0000000723a00000,0x0000000723a00000,0x0000000724f00000)
 ParOldGen       total 192000K, used 6878K [0x00000005c2000000, 0x00000005cdb80000, 0x0000000716000000)
  object space 192000K, 3% used [0x00000005c2000000,0x00000005c26b7b38,0x00000005cdb80000)
 Metaspace       used 28155K, capacity 28956K, committed 29184K, reserved 1075200K
  class space    used 3561K, capacity 3756K, committed 3840K, reserved 1048576K
}
Event: 2.019 GC heap before
{Heap before GC invocations=5 (full 1):
 PSYoungGen      total 152576K, used 118950K [0x0000000716000000, 0x0000000724f00000, 0x00000007c0000000)
  eden space 131072K, 82% used [0x0000000716000000,0x000000071c9f6360,0x000000071e000000)
  from space 21504K, 48% used [0x000000071e000000,0x000000071ea33660,0x000000071f500000)
  to   space 21504K, 0% used [0x0000000723a00000,0x0000000723a00000,0x0000000724f00000)
 ParOldGen       total 192000K, used 6878K [0x00000005c2000000, 0x00000005cdb80000, 0x0000000716000000)
  object space 192000K, 3% used [0x00000005c2000000,0x00000005c26b7b38,0x00000005cdb80000)
 Metaspace       used 34030K, capacity 35340K, committed 35416K, reserved 1079296K
  class space    used 4357K, capacity 4620K, committed 4696K, reserved 1048576K
Event: 2.025 GC heap after
Heap after GC invocations=5 (full 1):
 PSYoungGen      total 214016K, used 11026K [0x0000000716000000, 0x0000000724a80000, 0x00000007c0000000)
  eden space 197120K, 0% used [0x0000000716000000,0x0000000716000000,0x0000000722080000)
  from space 16896K, 65% used [0x0000000723a00000,0x00000007244c48c0,0x0000000724a80000)
  to   space 21504K, 0% used [0x0000000722080000,0x0000000722080000,0x0000000723580000)
 ParOldGen       total 192000K, used 6950K [0x00000005c2000000, 0x00000005cdb80000, 0x0000000716000000)
  object space 192000K, 3% used [0x00000005c2000000,0x00000005c26c9b48,0x00000005cdb80000)
 Metaspace       used 34030K, capacity 35340K, committed 35416K, reserved 1079296K
  class space    used 4357K, capacity 4620K, committed 4696K, reserved 1048576K
}
Event: 2.025 GC heap before
{Heap before GC invocations=6 (full 2):
 PSYoungGen      total 214016K, used 11026K [0x0000000716000000, 0x0000000724a80000, 0x00000007c0000000)
  eden space 197120K, 0% used [0x0000000716000000,0x0000000716000000,0x0000000722080000)
  from space 16896K, 65% used [0x0000000723a00000,0x00000007244c48c0,0x0000000724a80000)
  to   space 21504K, 0% used [0x0000000722080000,0x0000000722080000,0x0000000723580000)
 ParOldGen       total 192000K, used 6950K [0x00000005c2000000, 0x00000005cdb80000, 0x0000000716000000)
  object space 192000K, 3% used [0x00000005c2000000,0x00000005c26c9b48,0x00000005cdb80000)
 Metaspace       used 34030K, capacity 35340K, committed 35416K, reserved 1079296K
  class space    used 4357K, capacity 4620K, committed 4696K, reserved 1048576K
Event: 2.051 GC heap after
Heap after GC invocations=6 (full 2):
 PSYoungGen      total 214016K, used 0K [0x0000000716000000, 0x0000000724a80000, 0x00000007c0000000)
  eden space 197120K, 0% used [0x0000000716000000,0x0000000716000000,0x0000000722080000)
  from space 16896K, 0% used [0x0000000723a00000,0x0000000723a00000,0x0000000724a80000)
  to   space 21504K, 0% used [0x0000000722080000,0x0000000722080000,0x0000000723580000)
 ParOldGen       total 192000K, used 15319K [0x00000005c2000000, 0x00000005cdb80000, 0x0000000716000000)
  object space 192000K, 7% used [0x00000005c2000000,0x00000005c2ef5fe8,0x00000005cdb80000)
 Metaspace       used 34030K, capacity 35340K, committed 35416K, reserved 1079296K
  class space    used 4357K, capacity 4620K, committed 4696K, reserved 1048576K
}

