# JRE version: Java(TM) SE Runtime Environment (8.0_201-b09) (build 1.8.0_201-b09)
# Java VM: Java HotSpot(TM) 64-Bit Server VM (25.201-b09 mixed mode windows-amd64 compressed oops)
Heap:
 PSYoungGen      total 283648K, used 172691K [0x0000000716000000, 0x0000000731d80000, 0x00000007c0000000)
  eden space 262144K, 65% used [0x0000000716000000,0x00000007208a4f58,0x0000000726000000)
  from space 21504K, 0% used [0x0000000726000000,0x0000000726000000,0x0000000727500000)
  to   space 21504K, 0% used [0x0000000730880000,0x0000000730880000,0x0000000731d80000)
 ParOldGen       total 185856K, used 21472K [0x00000005c2000000, 0x00000005cd580000, 0x0000000716000000)
  object space 185856K, 11% used [0x00000005c2000000,0x00000005c34f80c8,0x00000005cd580000)
 Metaspace       used 45043K, capacity 46769K, committed 46936K, reserved 1089536K
  class space    used 5787K, capacity 6137K, committed 6232K, reserved 1048576K
GC Heap History (10 events):
Event: 0.846 GC heap before
{Heap before GC invocations=1 (full 0):
 PSYoungGen      total 152576K, used 131072K [0x0000000716000000, 0x0000000720a00000, 0x00000007c0000000)
  eden space 131072K, 100% used [0x0000000716000000,0x000000071e000000,0x000000071e000000)
  from space 21504K, 0% used [0x000000071f500000,0x000000071f500000,0x0000000720a00000)
  to   space 21504K, 0% used [0x000000071e000000,0x000000071e000000,0x000000071f500000)
 ParOldGen       total 348160K, used 0K [0x00000005c2000000, 0x00000005d7400000, 0x0000000716000000)
  object space 348160K, 0% used [0x00000005c2000000,0x00000005c2000000,0x00000005d7400000)
 Metaspace       used 17882K, capacity 18346K, committed 18688K, reserved 1064960K
  class space    used 2305K, capacity 2452K, committed 2560K, reserved 1048576K
Event: 0.857 GC heap after
Heap after GC invocations=1 (full 0):
 PSYoungGen      total 152576K, used 14132K [0x0000000716000000, 0x0000000728a00000, 0x00000007c0000000)
  eden space 131072K, 0% used [0x0000000716000000,0x0000000716000000,0x000000071e000000)
  from space 21504K, 65% used [0x000000071e000000,0x000000071edcd140,0x000000071f500000)
  to   space 21504K, 0% used [0x0000000727500000,0x0000000727500000,0x0000000728a00000)
 ParOldGen       total 348160K, used 16K [0x00000005c2000000, 0x00000005d7400000, 0x0000000716000000)
  object space 348160K, 0% used [0x00000005c2000000,0x00000005c2004000,0x00000005d7400000)
 Metaspace       used 17882K, capacity 18346K, committed 18688K, reserved 1064960K
  class space    used 2305K, capacity 2452K, committed 2560K, reserved 1048576K
}
Event: 0.945 GC heap before
{Heap before GC invocations=2 (full 0):
 PSYoungGen      total 152576K, used 41980K [0x0000000716000000, 0x0000000728a00000, 0x00000007c0000000)
  eden space 131072K, 21% used [0x0000000716000000,0x0000000717b32160,0x000000071e000000)
  from space 21504K, 65% used [0x000000071e000000,0x000000071edcd140,0x000000071f500000)
  to   space 21504K, 0% used [0x0000000727500000,0x0000000727500000,0x0000000728a00000)
 ParOldGen       total 348160K, used 16K [0x00000005c2000000, 0x00000005d7400000, 0x0000000716000000)
  object space 348160K, 0% used [0x00000005c2000000,0x00000005c2004000,0x00000005d7400000)
 Metaspace       used 20654K, capacity 21114K, committed 21248K, reserved 1067008K
  class space    used 2671K, capacity 2800K, committed 2816K, reserved 1048576K
Event: 0.949 GC heap after
Heap after GC invocations=2 (full 0):
 PSYoungGen      total 283648K, used 7404K [0x0000000716000000, 0x0000000728a00000, 0x00000007c0000000)
  eden space 262144K, 0% used [0x0000000716000000,0x0000000716000000,0x0000000726000000)
  from space 21504K, 34% used [0x0000000727500000,0x0000000727c3b268,0x0000000728a00000)
  to   space 21504K, 0% used [0x0000000726000000,0x0000000726000000,0x0000000727500000)
 ParOldGen       total 348160K, used 24K [0x00000005c2000000, 0x00000005d7400000, 0x0000000716000000)
  object space 348160K, 0% used [0x00000005c2000000,0x00000005c2006000,0x00000005d7400000)
 Metaspace       used 20654K, capacity 21114K, committed 21248K, reserved 1067008K
  class space    used 2671K, capacity 2800K, committed 2816K, reserved 1048576K
}
Event: 0.949 GC heap before
{Heap before GC invocations=3 (full 1):
 PSYoungGen      total 283648K, used 7404K [0x0000000716000000, 0x0000000728a00000, 0x00000007c0000000)
  eden space 262144K, 0% used [0x0000000716000000,0x0000000716000000,0x0000000726000000)
  from space 21504K, 34% used [0x0000000727500000,0x0000000727c3b268,0x0000000728a00000)
  to   space 21504K, 0% used [0x0000000726000000,0x0000000726000000,0x0000000727500000)
 ParOldGen       total 348160K, used 24K [0x00000005c2000000, 0x00000005d7400000, 0x0000000716000000)
  object space 348160K, 0% used [0x00000005c2000000,0x00000005c2006000,0x00000005d7400000)
 Metaspace       used 20654K, capacity 21114K, committed 21248K, reserved 1067008K
  class space    used 2671K, capacity 2800K, committed 2816K, reserved 1048576K
Event: 0.964 GC heap after
Heap after GC invocations=3 (full 1):
 PSYoungGen      total 283648K, used 0K [0x0000000716000000, 0x0000000728a00000, 0x00000007c0000000)
  eden space 262144K, 0% used [0x0000000716000000,0x0000000716000000,0x0000000726000000)
  from space 21504K, 0% used [0x0000000727500000,0x0000000727500000,0x0000000728a00000)
  to   space 21504K, 0% used [0x0000000726000000,0x0000000726000000,0x0000000727500000)
 ParOldGen       total 185856K, used 7021K [0x00000005c2000000, 0x00000005cd580000, 0x0000000716000000)
  object space 185856K, 3% used [0x00000005c2000000,0x00000005c26db460,0x00000005cd580000)
 Metaspace       used 20653K, capacity 21108K, committed 21248K, reserved 1067008K
  class space    used 2670K, capacity 2799K, committed 2816K, reserved 1048576K
}
Event: 2.043 GC heap before
{Heap before GC invocations=4 (full 1):
 PSYoungGen      total 283648K, used 233468K [0x0000000716000000, 0x0000000728a00000, 0x00000007c0000000)
  eden space 262144K, 89% used [0x0000000716000000,0x00000007243ff2a0,0x0000000726000000)
  from space 21504K, 0% used [0x0000000727500000,0x0000000727500000,0x0000000728a00000)
  to   space 21504K, 0% used [0x0000000726000000,0x0000000726000000,0x0000000727500000)
 ParOldGen       total 185856K, used 7021K [0x00000005c2000000, 0x00000005cd580000, 0x0000000716000000)
  object space 185856K, 3% used [0x00000005c2000000,0x00000005c26db460,0x00000005cd580000)
 Metaspace       used 34010K, capacity 35353K, committed 35416K, reserved 1079296K
  class space    used 4365K, capacity 4633K, committed 4696K, reserved 1048576K
Event: 2.053 GC heap after
Heap after GC invocations=4 (full 1):
 PSYoungGen      total 283648K, used 17678K [0x0000000716000000, 0x0000000731d80000, 0x00000007c0000000)
  eden space 262144K, 0% used [0x0000000716000000,0x0000000716000000,0x0000000726000000)
  from space 21504K, 82% used [0x0000000726000000,0x0000000727143af0,0x0000000727500000)
  to   space 21504K, 0% used [0x0000000730880000,0x0000000730880000,0x0000000731d80000)
 ParOldGen       total 185856K, used 7093K [0x00000005c2000000, 0x00000005cd580000, 0x0000000716000000)
  object space 185856K, 3% used [0x00000005c2000000,0x00000005c26ed470,0x00000005cd580000)
 Metaspace       used 34010K, capacity 35353K, committed 35416K, reserved 1079296K
  class space    used 4365K, capacity 4633K, committed 4696K, reserved 1048576K
}
Event: 2.053 GC heap before
{Heap before GC invocations=5 (full 2):
 PSYoungGen      total 283648K, used 17678K [0x0000000716000000, 0x0000000731d80000, 0x00000007c0000000)
  eden space 262144K, 0% used [0x0000000716000000,0x0000000716000000,0x0000000726000000)
  from space 21504K, 82% used [0x0000000726000000,0x0000000727143af0,0x0000000727500000)
  to   space 21504K, 0% used [0x0000000730880000,0x0000000730880000,0x0000000731d80000)
 ParOldGen       total 185856K, used 7093K [0x00000005c2000000, 0x00000005cd580000, 0x0000000716000000)
  object space 185856K, 3% used [0x00000005c2000000,0x00000005c26ed470,0x00000005cd580000)
 Metaspace       used 34010K, capacity 35353K, committed 35416K, reserved 1079296K
  class space    used 4365K, capacity 4633K, committed 4696K, reserved 1048576K
Event: 2.081 GC heap after
Heap after GC invocations=5 (full 2):
 PSYoungGen      total 283648K, used 0K [0x0000000716000000, 0x0000000731d80000, 0x00000007c0000000)
  eden space 262144K, 0% used [0x0000000716000000,0x0000000716000000,0x0000000726000000)
  from space 21504K, 0% used [0x0000000726000000,0x0000000726000000,0x0000000727500000)
  to   space 21504K, 0% used [0x0000000730880000,0x0000000730880000,0x0000000731d80000)
 ParOldGen       total 185856K, used 21472K [0x00000005c2000000, 0x00000005cd580000, 0x0000000716000000)
  object space 185856K, 11% used [0x00000005c2000000,0x00000005c34f80c8,0x00000005cd580000)
 Metaspace       used 34010K, capacity 35353K, committed 35416K, reserved 1079296K
  class space    used 4365K, capacity 4633K, committed 4696K, reserved 1048576K
}

