# JRE version: Java(TM) SE Runtime Environment (8.0_201-b09) (build 1.8.0_201-b09)
# Java VM: Java HotSpot(TM) 64-Bit Server VM (25.201-b09 mixed mode windows-amd64 compressed oops)
Heap:
 PSYoungGen      total 223232K, used 163145K [0x0000000716000000, 0x0000000725500000, 0x00000007c0000000)
  eden space 207872K, 78% used [0x0000000716000000,0x000000071ff52548,0x0000000722b00000)
  from space 15360K, 0% used [0x0000000724600000,0x0000000724600000,0x0000000725500000)
  to   space 21504K, 0% used [0x0000000722b00000,0x0000000722b00000,0x0000000724000000)
 ParOldGen       total 257536K, used 15415K [0x00000005c2000000, 0x00000005d1b80000, 0x0000000716000000)
  object space 257536K, 5% used [0x00000005c2000000,0x00000005c2f0dd68,0x00000005d1b80000)
 Metaspace       used 44645K, capacity 46302K, committed 46552K, reserved 1089536K
  class space    used 5730K, capacity 6057K, committed 6104K, reserved 1048576K
GC Heap History (10 events):
Event: 1.144 GC heap before
{Heap before GC invocations=2 (full 0):
 PSYoungGen      total 152576K, used 38487K [0x0000000716000000, 0x0000000720a00000, 0x00000007c0000000)
  eden space 131072K, 18% used [0x0000000716000000,0x00000007177e4928,0x000000071e000000)
  from space 21504K, 65% used [0x000000071e000000,0x000000071edb1320,0x000000071f500000)
  to   space 21504K, 0% used [0x000000071f500000,0x000000071f500000,0x0000000720a00000)
 ParOldGen       total 348160K, used 16K [0x00000005c2000000, 0x00000005d7400000, 0x0000000716000000)
  object space 348160K, 0% used [0x00000005c2000000,0x00000005c2004000,0x00000005d7400000)
 Metaspace       used 20568K, capacity 21102K, committed 21248K, reserved 1067008K
  class space    used 2635K, capacity 2790K, committed 2816K, reserved 1048576K
Event: 1.157 GC heap after
Heap after GC invocations=2 (full 0):
 PSYoungGen      total 152576K, used 7106K [0x0000000716000000, 0x0000000720a00000, 0x00000007c0000000)
  eden space 131072K, 0% used [0x0000000716000000,0x0000000716000000,0x000000071e000000)
  from space 21504K, 33% used [0x000000071f500000,0x000000071fbf0aa8,0x0000000720a00000)
  to   space 21504K, 0% used [0x000000071e000000,0x000000071e000000,0x000000071f500000)
 ParOldGen       total 348160K, used 24K [0x00000005c2000000, 0x00000005d7400000, 0x0000000716000000)
  object space 348160K, 0% used [0x00000005c2000000,0x00000005c2006000,0x00000005d7400000)
 Metaspace       used 20568K, capacity 21102K, committed 21248K, reserved 1067008K
  class space    used 2635K, capacity 2790K, committed 2816K, reserved 1048576K
}
Event: 1.157 GC heap before
{Heap before GC invocations=3 (full 1):
 PSYoungGen      total 152576K, used 7106K [0x0000000716000000, 0x0000000720a00000, 0x00000007c0000000)
  eden space 131072K, 0% used [0x0000000716000000,0x0000000716000000,0x000000071e000000)
  from space 21504K, 33% used [0x000000071f500000,0x000000071fbf0aa8,0x0000000720a00000)
  to   space 21504K, 0% used [0x000000071e000000,0x000000071e000000,0x000000071f500000)
 ParOldGen       total 348160K, used 24K [0x00000005c2000000, 0x00000005d7400000, 0x0000000716000000)
  object space 348160K, 0% used [0x00000005c2000000,0x00000005c2006000,0x00000005d7400000)
 Metaspace       used 20568K, capacity 21102K, committed 21248K, reserved 1067008K
  class space    used 2635K, capacity 2790K, committed 2816K, reserved 1048576K
Event: 1.183 GC heap after
Heap after GC invocations=3 (full 1):
 PSYoungGen      total 152576K, used 0K [0x0000000716000000, 0x0000000720a00000, 0x00000007c0000000)
  eden space 131072K, 0% used [0x0000000716000000,0x0000000716000000,0x000000071e000000)
  from space 21504K, 0% used [0x000000071f500000,0x000000071f500000,0x0000000720a00000)
  to   space 21504K, 0% used [0x000000071e000000,0x000000071e000000,0x000000071f500000)
 ParOldGen       total 177152K, used 6826K [0x00000005c2000000, 0x00000005ccd00000, 0x0000000716000000)
  object space 177152K, 3% used [0x00000005c2000000,0x00000005c26aa8e8,0x00000005ccd00000)
 Metaspace       used 20566K, capacity 21096K, committed 21248K, reserved 1067008K
  class space    used 2635K, capacity 2789K, committed 2816K, reserved 1048576K
}
Event: 1.696 GC heap before
{Heap before GC invocations=4 (full 1):
 PSYoungGen      total 152576K, used 131072K [0x0000000716000000, 0x0000000720a00000, 0x00000007c0000000)
  eden space 131072K, 100% used [0x0000000716000000,0x000000071e000000,0x000000071e000000)
  from space 21504K, 0% used [0x000000071f500000,0x000000071f500000,0x0000000720a00000)
  to   space 21504K, 0% used [0x000000071e000000,0x000000071e000000,0x000000071f500000)
 ParOldGen       total 177152K, used 6826K [0x00000005c2000000, 0x00000005ccd00000, 0x0000000716000000)
  object space 177152K, 3% used [0x00000005c2000000,0x00000005c26aa8e8,0x00000005ccd00000)
 Metaspace       used 27731K, capacity 28464K, committed 28672K, reserved 1075200K
  class space    used 3520K, capacity 3738K, committed 3840K, reserved 1048576K
Event: 1.700 GC heap after
Heap after GC invocations=4 (full 1):
 PSYoungGen      total 152576K, used 10197K [0x0000000716000000, 0x0000000725b00000, 0x00000007c0000000)
  eden space 131072K, 0% used [0x0000000716000000,0x0000000716000000,0x000000071e000000)
  from space 21504K, 47% used [0x000000071e000000,0x000000071e9f5480,0x000000071f500000)
  to   space 21504K, 0% used [0x0000000724600000,0x0000000724600000,0x0000000725b00000)
 ParOldGen       total 177152K, used 6898K [0x00000005c2000000, 0x00000005ccd00000, 0x0000000716000000)
  object space 177152K, 3% used [0x00000005c2000000,0x00000005c26bc8f8,0x00000005ccd00000)
 Metaspace       used 27731K, capacity 28464K, committed 28672K, reserved 1075200K
  class space    used 3520K, capacity 3738K, committed 3840K, reserved 1048576K
}
Event: 2.275 GC heap before
{Heap before GC invocations=5 (full 1):
 PSYoungGen      total 152576K, used 121056K [0x0000000716000000, 0x0000000725b00000, 0x00000007c0000000)
  eden space 131072K, 84% used [0x0000000716000000,0x000000071cc42ed8,0x000000071e000000)
  from space 21504K, 47% used [0x000000071e000000,0x000000071e9f5480,0x000000071f500000)
  to   space 21504K, 0% used [0x0000000724600000,0x0000000724600000,0x0000000725b00000)
 ParOldGen       total 177152K, used 6898K [0x00000005c2000000, 0x00000005ccd00000, 0x0000000716000000)
  object space 177152K, 3% used [0x00000005c2000000,0x00000005c26bc8f8,0x00000005ccd00000)
 Metaspace       used 34003K, capacity 35382K, committed 35416K, reserved 1079296K
  class space    used 4361K, capacity 4665K, committed 4696K, reserved 1048576K
Event: 2.281 GC heap after
Heap after GC invocations=5 (full 1):
 PSYoungGen      total 223232K, used 11232K [0x0000000716000000, 0x0000000725500000, 0x00000007c0000000)
  eden space 207872K, 0% used [0x0000000716000000,0x0000000716000000,0x0000000722b00000)
  from space 15360K, 73% used [0x0000000724600000,0x00000007250f8370,0x0000000725500000)
  to   space 21504K, 0% used [0x0000000722b00000,0x0000000722b00000,0x0000000724000000)
 ParOldGen       total 177152K, used 6906K [0x00000005c2000000, 0x00000005ccd00000, 0x0000000716000000)
  object space 177152K, 3% used [0x00000005c2000000,0x00000005c26be8f8,0x00000005ccd00000)
 Metaspace       used 34003K, capacity 35382K, committed 35416K, reserved 1079296K
  class space    used 4361K, capacity 4665K, committed 4696K, reserved 1048576K
}
Event: 2.281 GC heap before
{Heap before GC invocations=6 (full 2):
 PSYoungGen      total 223232K, used 11232K [0x0000000716000000, 0x0000000725500000, 0x00000007c0000000)
  eden space 207872K, 0% used [0x0000000716000000,0x0000000716000000,0x0000000722b00000)
  from space 15360K, 73% used [0x0000000724600000,0x00000007250f8370,0x0000000725500000)
  to   space 21504K, 0% used [0x0000000722b00000,0x0000000722b00000,0x0000000724000000)
 ParOldGen       total 177152K, used 6906K [0x00000005c2000000, 0x00000005ccd00000, 0x0000000716000000)
  object space 177152K, 3% used [0x00000005c2000000,0x00000005c26be8f8,0x00000005ccd00000)
 Metaspace       used 34003K, capacity 35382K, committed 35416K, reserved 1079296K
  class space    used 4361K, capacity 4665K, committed 4696K, reserved 1048576K
Event: 2.306 GC heap after
Heap after GC invocations=6 (full 2):
 PSYoungGen      total 223232K, used 0K [0x0000000716000000, 0x0000000725500000, 0x00000007c0000000)
  eden space 207872K, 0% used [0x0000000716000000,0x0000000716000000,0x0000000722b00000)
  from space 15360K, 0% used [0x0000000724600000,0x0000000724600000,0x0000000725500000)
  to   space 21504K, 0% used [0x0000000722b00000,0x0000000722b00000,0x0000000724000000)
 ParOldGen       total 257536K, used 15415K [0x00000005c2000000, 0x00000005d1b80000, 0x0000000716000000)
  object space 257536K, 5% used [0x00000005c2000000,0x00000005c2f0dd68,0x00000005d1b80000)
 Metaspace       used 34003K, capacity 35382K, committed 35416K, reserved 1079296K
  class space    used 4361K, capacity 4665K, committed 4696K, reserved 1048576K
}

