# JRE version: Java(TM) SE Runtime Environment (8.0_201-b09) (build 1.8.0_201-b09)
# Java VM: Java HotSpot(TM) 64-Bit Server VM (25.201-b09 mixed mode windows-amd64 compressed oops)
Heap:
 PSYoungGen      total 283648K, used 179930K [0x0000000716000000, 0x0000000728a00000, 0x00000007c0000000)
  eden space 262144K, 68% used [0x0000000716000000,0x0000000720fb6958,0x0000000726000000)
  from space 21504K, 0% used [0x0000000726000000,0x0000000726000000,0x0000000727500000)
  to   space 21504K, 0% used [0x0000000727500000,0x0000000727500000,0x0000000728a00000)
 ParOldGen       total 300032K, used 21431K [0x00000005c2000000, 0x00000005d4500000, 0x0000000716000000)
  object space 300032K, 7% used [0x00000005c2000000,0x00000005c34edf00,0x00000005d4500000)
 Metaspace       used 45380K, capacity 47151K, committed 47408K, reserved 1091584K
  class space    used 5833K, capacity 6176K, committed 6192K, reserved 1048576K
GC Heap History (10 events):
Event: 0.861 GC heap before
{Heap before GC invocations=1 (full 0):
 PSYoungGen      total 152576K, used 131072K [0x0000000716000000, 0x0000000720a00000, 0x00000007c0000000)
  eden space 131072K, 100% used [0x0000000716000000,0x000000071e000000,0x000000071e000000)
  from space 21504K, 0% used [0x000000071f500000,0x000000071f500000,0x0000000720a00000)
  to   space 21504K, 0% used [0x000000071e000000,0x000000071e000000,0x000000071f500000)
 ParOldGen       total 348160K, used 0K [0x00000005c2000000, 0x00000005d7400000, 0x0000000716000000)
  object space 348160K, 0% used [0x00000005c2000000,0x00000005c2000000,0x00000005d7400000)
 Metaspace       used 17872K, capacity 18352K, committed 18688K, reserved 1064960K
  class space    used 2312K, capacity 2455K, committed 2560K, reserved 1048576K
Event: 0.871 GC heap after
Heap after GC invocations=1 (full 0):
 PSYoungGen      total 152576K, used 14254K [0x0000000716000000, 0x0000000728a00000, 0x00000007c0000000)
  eden space 131072K, 0% used [0x0000000716000000,0x0000000716000000,0x000000071e000000)
  from space 21504K, 66% used [0x000000071e000000,0x000000071edebab0,0x000000071f500000)
  to   space 21504K, 0% used [0x0000000727500000,0x0000000727500000,0x0000000728a00000)
 ParOldGen       total 348160K, used 16K [0x00000005c2000000, 0x00000005d7400000, 0x0000000716000000)
  object space 348160K, 0% used [0x00000005c2000000,0x00000005c2004000,0x00000005d7400000)
 Metaspace       used 17872K, capacity 18352K, committed 18688K, reserved 1064960K
  class space    used 2312K, capacity 2455K, committed 2560K, reserved 1048576K
}
Event: 0.964 GC heap before
{Heap before GC invocations=2 (full 0):
 PSYoungGen      total 152576K, used 40625K [0x0000000716000000, 0x0000000728a00000, 0x00000007c0000000)
  eden space 131072K, 20% used [0x0000000716000000,0x00000007179c0a08,0x000000071e000000)
  from space 21504K, 66% used [0x000000071e000000,0x000000071edebab0,0x000000071f500000)
  to   space 21504K, 0% used [0x0000000727500000,0x0000000727500000,0x0000000728a00000)
 ParOldGen       total 348160K, used 16K [0x00000005c2000000, 0x00000005d7400000, 0x0000000716000000)
  object space 348160K, 0% used [0x00000005c2000000,0x00000005c2004000,0x00000005d7400000)
 Metaspace       used 20693K, capacity 21210K, committed 21296K, reserved 1067008K
  class space    used 2676K, capacity 2832K, committed 2864K, reserved 1048576K
Event: 0.970 GC heap after
Heap after GC invocations=2 (full 0):
 PSYoungGen      total 283648K, used 7200K [0x0000000716000000, 0x0000000728a00000, 0x00000007c0000000)
  eden space 262144K, 0% used [0x0000000716000000,0x0000000716000000,0x0000000726000000)
  from space 21504K, 33% used [0x0000000727500000,0x0000000727c083a0,0x0000000728a00000)
  to   space 21504K, 0% used [0x0000000726000000,0x0000000726000000,0x0000000727500000)
 ParOldGen       total 348160K, used 24K [0x00000005c2000000, 0x00000005d7400000, 0x0000000716000000)
  object space 348160K, 0% used [0x00000005c2000000,0x00000005c2006000,0x00000005d7400000)
 Metaspace       used 20693K, capacity 21210K, committed 21296K, reserved 1067008K
  class space    used 2676K, capacity 2832K, committed 2864K, reserved 1048576K
}
Event: 0.970 GC heap before
{Heap before GC invocations=3 (full 1):
 PSYoungGen      total 283648K, used 7200K [0x0000000716000000, 0x0000000728a00000, 0x00000007c0000000)
  eden space 262144K, 0% used [0x0000000716000000,0x0000000716000000,0x0000000726000000)
  from space 21504K, 33% used [0x0000000727500000,0x0000000727c083a0,0x0000000728a00000)
  to   space 21504K, 0% used [0x0000000726000000,0x0000000726000000,0x0000000727500000)
 ParOldGen       total 348160K, used 24K [0x00000005c2000000, 0x00000005d7400000, 0x0000000716000000)
  object space 348160K, 0% used [0x00000005c2000000,0x00000005c2006000,0x00000005d7400000)
 Metaspace       used 20693K, capacity 21210K, committed 21296K, reserved 1067008K
  class space    used 2676K, capacity 2832K, committed 2864K, reserved 1048576K
Event: 0.994 GC heap after
Heap after GC invocations=3 (full 1):
 PSYoungGen      total 283648K, used 0K [0x0000000716000000, 0x0000000728a00000, 0x00000007c0000000)
  eden space 262144K, 0% used [0x0000000716000000,0x0000000716000000,0x0000000726000000)
  from space 21504K, 0% used [0x0000000727500000,0x0000000727500000,0x0000000728a00000)
  to   space 21504K, 0% used [0x0000000726000000,0x0000000726000000,0x0000000727500000)
 ParOldGen       total 194560K, used 6977K [0x00000005c2000000, 0x00000005cde00000, 0x0000000716000000)
  object space 194560K, 3% used [0x00000005c2000000,0x00000005c26d0778,0x00000005cde00000)
 Metaspace       used 20691K, capacity 21204K, committed 21296K, reserved 1067008K
  class space    used 2675K, capacity 2831K, committed 2864K, reserved 1048576K
}
Event: 2.192 GC heap before
{Heap before GC invocations=4 (full 1):
 PSYoungGen      total 283648K, used 231000K [0x0000000716000000, 0x0000000728a00000, 0x00000007c0000000)
  eden space 262144K, 88% used [0x0000000716000000,0x0000000724196298,0x0000000726000000)
  from space 21504K, 0% used [0x0000000727500000,0x0000000727500000,0x0000000728a00000)
  to   space 21504K, 0% used [0x0000000726000000,0x0000000726000000,0x0000000727500000)
 ParOldGen       total 194560K, used 6977K [0x00000005c2000000, 0x00000005cde00000, 0x0000000716000000)
  object space 194560K, 3% used [0x00000005c2000000,0x00000005c26d0778,0x00000005cde00000)
 Metaspace       used 34030K, capacity 35405K, committed 35496K, reserved 1081344K
  class space    used 4361K, capacity 4656K, committed 4656K, reserved 1048576K
Event: 2.201 GC heap after
Heap after GC invocations=4 (full 1):
 PSYoungGen      total 283648K, used 17700K [0x0000000716000000, 0x0000000728a00000, 0x00000007c0000000)
  eden space 262144K, 0% used [0x0000000716000000,0x0000000716000000,0x0000000726000000)
  from space 21504K, 82% used [0x0000000726000000,0x0000000727149058,0x0000000727500000)
  to   space 21504K, 0% used [0x0000000727500000,0x0000000727500000,0x0000000728a00000)
 ParOldGen       total 194560K, used 7049K [0x00000005c2000000, 0x00000005cde00000, 0x0000000716000000)
  object space 194560K, 3% used [0x00000005c2000000,0x00000005c26e2788,0x00000005cde00000)
 Metaspace       used 34030K, capacity 35405K, committed 35496K, reserved 1081344K
  class space    used 4361K, capacity 4656K, committed 4656K, reserved 1048576K
}
Event: 2.201 GC heap before
{Heap before GC invocations=5 (full 2):
 PSYoungGen      total 283648K, used 17700K [0x0000000716000000, 0x0000000728a00000, 0x00000007c0000000)
  eden space 262144K, 0% used [0x0000000716000000,0x0000000716000000,0x0000000726000000)
  from space 21504K, 82% used [0x0000000726000000,0x0000000727149058,0x0000000727500000)
  to   space 21504K, 0% used [0x0000000727500000,0x0000000727500000,0x0000000728a00000)
 ParOldGen       total 194560K, used 7049K [0x00000005c2000000, 0x00000005cde00000, 0x0000000716000000)
  object space 194560K, 3% used [0x00000005c2000000,0x00000005c26e2788,0x00000005cde00000)
 Metaspace       used 34030K, capacity 35405K, committed 35496K, reserved 1081344K
  class space    used 4361K, capacity 4656K, committed 4656K, reserved 1048576K
Event: 2.226 GC heap after
Heap after GC invocations=5 (full 2):
 PSYoungGen      total 283648K, used 0K [0x0000000716000000, 0x0000000728a00000, 0x00000007c0000000)
  eden space 262144K, 0% used [0x0000000716000000,0x0000000716000000,0x0000000726000000)
  from space 21504K, 0% used [0x0000000726000000,0x0000000726000000,0x0000000727500000)
  to   space 21504K, 0% used [0x0000000727500000,0x0000000727500000,0x0000000728a00000)
 ParOldGen       total 300032K, used 21431K [0x00000005c2000000, 0x00000005d4500000, 0x0000000716000000)
  object space 300032K, 7% used [0x00000005c2000000,0x00000005c34edf00,0x00000005d4500000)
 Metaspace       used 34030K, capacity 35405K, committed 35496K, reserved 1081344K
  class space    used 4361K, capacity 4656K, committed 4656K, reserved 1048576K
}

