# JRE version: Java(TM) SE Runtime Environment (8.0_201-b09) (build 1.8.0_201-b09)
# Java VM: Java HotSpot(TM) 64-Bit Server VM (25.201-b09 mixed mode windows-amd64 compressed oops)
Heap:
 PSYoungGen      total 208896K, used 59721K [0x0000000716000000, 0x0000000728300000, 0x00000007c0000000)
  eden space 187392K, 22% used [0x0000000716000000,0x000000071894f908,0x0000000721700000)
  from space 21504K, 81% used [0x0000000721700000,0x0000000722802b20,0x0000000722c00000)
  to   space 17920K, 0% used [0x0000000727180000,0x0000000727180000,0x0000000728300000)
 ParOldGen       total 321024K, used 15406K [0x00000005c2000000, 0x00000005d5980000, 0x0000000716000000)
  object space 321024K, 4% used [0x00000005c2000000,0x00000005c2f0b9f0,0x00000005d5980000)
 Metaspace       used 47041K, capacity 49030K, committed 49240K, reserved 1091584K
  class space    used 6076K, capacity 6443K, committed 6488K, reserved 1048576K
GC Heap History (10 events):
Event: 0.945 GC heap before
{Heap before GC invocations=3 (full 1):
 PSYoungGen      total 152576K, used 7718K [0x0000000716000000, 0x0000000728a00000, 0x00000007c0000000)
  eden space 131072K, 0% used [0x0000000716000000,0x0000000716000000,0x000000071e000000)
  from space 21504K, 35% used [0x000000071f500000,0x000000071fc89bf0,0x0000000720a00000)
  to   space 21504K, 0% used [0x000000071e000000,0x000000071e000000,0x000000071f500000)
 ParOldGen       total 348160K, used 24K [0x00000005c2000000, 0x00000005d7400000, 0x0000000716000000)
  object space 348160K, 0% used [0x00000005c2000000,0x00000005c2006000,0x00000005d7400000)
 Metaspace       used 20620K, capacity 21152K, committed 21248K, reserved 1067008K
  class space    used 2672K, capacity 2813K, committed 2816K, reserved 1048576K
Event: 0.969 GC heap after
Heap after GC invocations=3 (full 1):
 PSYoungGen      total 152576K, used 0K [0x0000000716000000, 0x0000000728a00000, 0x00000007c0000000)
  eden space 131072K, 0% used [0x0000000716000000,0x0000000716000000,0x000000071e000000)
  from space 21504K, 0% used [0x000000071f500000,0x000000071f500000,0x0000000720a00000)
  to   space 21504K, 0% used [0x000000071e000000,0x000000071e000000,0x000000071f500000)
 ParOldGen       total 202240K, used 7323K [0x00000005c2000000, 0x00000005ce580000, 0x0000000716000000)
  object space 202240K, 3% used [0x00000005c2000000,0x00000005c2726e28,0x00000005ce580000)
 Metaspace       used 20618K, capacity 21146K, committed 21248K, reserved 1067008K
  class space    used 2671K, capacity 2812K, committed 2816K, reserved 1048576K
}
Event: 1.438 GC heap before
{Heap before GC invocations=4 (full 1):
 PSYoungGen      total 152576K, used 131072K [0x0000000716000000, 0x0000000728a00000, 0x00000007c0000000)
  eden space 131072K, 100% used [0x0000000716000000,0x000000071e000000,0x000000071e000000)
  from space 21504K, 0% used [0x000000071f500000,0x000000071f500000,0x0000000720a00000)
  to   space 21504K, 0% used [0x000000071e000000,0x000000071e000000,0x000000071f500000)
 ParOldGen       total 202240K, used 7323K [0x00000005c2000000, 0x00000005ce580000, 0x0000000716000000)
  object space 202240K, 3% used [0x00000005c2000000,0x00000005c2726e28,0x00000005ce580000)
 Metaspace       used 28039K, capacity 28830K, committed 28928K, reserved 1075200K
  class space    used 3554K, capacity 3755K, committed 3840K, reserved 1048576K
Event: 1.444 GC heap after
Heap after GC invocations=4 (full 1):
 PSYoungGen      total 152576K, used 10305K [0x0000000716000000, 0x0000000724600000, 0x00000007c0000000)
  eden space 131072K, 0% used [0x0000000716000000,0x0000000716000000,0x000000071e000000)
  from space 21504K, 47% used [0x000000071e000000,0x000000071ea105e0,0x000000071f500000)
  to   space 21504K, 0% used [0x0000000723100000,0x0000000723100000,0x0000000724600000)
 ParOldGen       total 202240K, used 7331K [0x00000005c2000000, 0x00000005ce580000, 0x0000000716000000)
  object space 202240K, 3% used [0x00000005c2000000,0x00000005c2728e28,0x00000005ce580000)
 Metaspace       used 28039K, capacity 28830K, committed 28928K, reserved 1075200K
  class space    used 3554K, capacity 3755K, committed 3840K, reserved 1048576K
}
Event: 2.030 GC heap before
{Heap before GC invocations=5 (full 1):
 PSYoungGen      total 152576K, used 117068K [0x0000000716000000, 0x0000000724600000, 0x00000007c0000000)
  eden space 131072K, 81% used [0x0000000716000000,0x000000071c842c30,0x000000071e000000)
  from space 21504K, 47% used [0x000000071e000000,0x000000071ea105e0,0x000000071f500000)
  to   space 21504K, 0% used [0x0000000723100000,0x0000000723100000,0x0000000724600000)
 ParOldGen       total 202240K, used 7331K [0x00000005c2000000, 0x00000005ce580000, 0x0000000716000000)
  object space 202240K, 3% used [0x00000005c2000000,0x00000005c2728e28,0x00000005ce580000)
 Metaspace       used 33996K, capacity 35382K, committed 35416K, reserved 1079296K
  class space    used 4367K, capacity 4665K, committed 4696K, reserved 1048576K
Event: 2.036 GC heap after
Heap after GC invocations=5 (full 1):
 PSYoungGen      total 203776K, used 11138K [0x0000000716000000, 0x0000000724100000, 0x00000007c0000000)
  eden space 187392K, 0% used [0x0000000716000000,0x0000000716000000,0x0000000721700000)
  from space 16384K, 67% used [0x0000000723100000,0x0000000723be0858,0x0000000724100000)
  to   space 21504K, 0% used [0x0000000721700000,0x0000000721700000,0x0000000722c00000)
 ParOldGen       total 202240K, used 7403K [0x00000005c2000000, 0x00000005ce580000, 0x0000000716000000)
  object space 202240K, 3% used [0x00000005c2000000,0x00000005c273ae38,0x00000005ce580000)
 Metaspace       used 33996K, capacity 35382K, committed 35416K, reserved 1079296K
  class space    used 4367K, capacity 4665K, committed 4696K, reserved 1048576K
}
Event: 2.036 GC heap before
{Heap before GC invocations=6 (full 2):
 PSYoungGen      total 203776K, used 11138K [0x0000000716000000, 0x0000000724100000, 0x00000007c0000000)
  eden space 187392K, 0% used [0x0000000716000000,0x0000000716000000,0x0000000721700000)
  from space 16384K, 67% used [0x0000000723100000,0x0000000723be0858,0x0000000724100000)
  to   space 21504K, 0% used [0x0000000721700000,0x0000000721700000,0x0000000722c00000)
 ParOldGen       total 202240K, used 7403K [0x00000005c2000000, 0x00000005ce580000, 0x0000000716000000)
  object space 202240K, 3% used [0x00000005c2000000,0x00000005c273ae38,0x00000005ce580000)
 Metaspace       used 33996K, capacity 35382K, committed 35416K, reserved 1079296K
  class space    used 4367K, capacity 4665K, committed 4696K, reserved 1048576K
Event: 2.062 GC heap after
Heap after GC invocations=6 (full 2):
 PSYoungGen      total 203776K, used 0K [0x0000000716000000, 0x0000000724100000, 0x00000007c0000000)
  eden space 187392K, 0% used [0x0000000716000000,0x0000000716000000,0x0000000721700000)
  from space 16384K, 0% used [0x0000000723100000,0x0000000723100000,0x0000000724100000)
  to   space 21504K, 0% used [0x0000000721700000,0x0000000721700000,0x0000000722c00000)
 ParOldGen       total 321024K, used 15398K [0x00000005c2000000, 0x00000005d5980000, 0x0000000716000000)
  object space 321024K, 4% used [0x00000005c2000000,0x00000005c2f099f0,0x00000005d5980000)
 Metaspace       used 33996K, capacity 35382K, committed 35416K, reserved 1079296K
  class space    used 4367K, capacity 4665K, committed 4696K, reserved 1048576K
}
Event: 3.270 GC heap before
{Heap before GC invocations=7 (full 2):
 PSYoungGen      total 203776K, used 187392K [0x0000000716000000, 0x0000000724100000, 0x00000007c0000000)
  eden space 187392K, 100% used [0x0000000716000000,0x0000000721700000,0x0000000721700000)
  from space 16384K, 0% used [0x0000000723100000,0x0000000723100000,0x0000000724100000)
  to   space 21504K, 0% used [0x0000000721700000,0x0000000721700000,0x0000000722c00000)
 ParOldGen       total 321024K, used 15398K [0x00000005c2000000, 0x00000005d5980000, 0x0000000716000000)
  object space 321024K, 4% used [0x00000005c2000000,0x00000005c2f099f0,0x00000005d5980000)
 Metaspace       used 45744K, capacity 47568K, committed 47832K, reserved 1091584K
  class space    used 5876K, capacity 6238K, committed 6360K, reserved 1048576K
Event: 3.280 GC heap after
Heap after GC invocations=7 (full 2):
 PSYoungGen      total 208896K, used 17418K [0x0000000716000000, 0x0000000728300000, 0x00000007c0000000)
  eden space 187392K, 0% used [0x0000000716000000,0x0000000716000000,0x0000000721700000)
  from space 21504K, 81% used [0x0000000721700000,0x0000000722802b20,0x0000000722c00000)
  to   space 17920K, 0% used [0x0000000727180000,0x0000000727180000,0x0000000728300000)
 ParOldGen       total 321024K, used 15406K [0x00000005c2000000, 0x00000005d5980000, 0x0000000716000000)
  object space 321024K, 4% used [0x00000005c2000000,0x00000005c2f0b9f0,0x00000005d5980000)
 Metaspace       used 45744K, capacity 47568K, committed 47832K, reserved 1091584K
  class space    used 5876K, capacity 6238K, committed 6360K, reserved 1048576K
}

