# JRE version: Java(TM) SE Runtime Environment (8.0_201-b09) (build 1.8.0_201-b09)
# Java VM: Java HotSpot(TM) 64-Bit Server VM (25.201-b09 mixed mode windows-amd64 compressed oops)
Heap:
 PSYoungGen      total 222720K, used 44506K [0x0000000716000000, 0x000000072a280000, 0x00000007c0000000)
  eden space 201216K, 12% used [0x0000000716000000,0x000000071793e770,0x0000000722480000)
  from space 21504K, 86% used [0x0000000722480000,0x00000007236b8300,0x0000000723980000)
  to   space 18944K, 0% used [0x0000000729000000,0x0000000729000000,0x000000072a280000)
 ParOldGen       total 285184K, used 15489K [0x00000005c2000000, 0x00000005d3680000, 0x0000000716000000)
  object space 285184K, 5% used [0x00000005c2000000,0x00000005c2f20598,0x00000005d3680000)
 Metaspace       used 47040K, capacity 49027K, committed 49200K, reserved 1091584K
  class space    used 6076K, capacity 6444K, committed 6448K, reserved 1048576K
GC Heap History (10 events):
Event: 0.925 GC heap before
{Heap before GC invocations=3 (full 1):
 PSYoungGen      total 152576K, used 7626K [0x0000000716000000, 0x0000000728a00000, 0x00000007c0000000)
  eden space 131072K, 0% used [0x0000000716000000,0x0000000716000000,0x000000071e000000)
  from space 21504K, 35% used [0x000000071f500000,0x000000071fc72898,0x0000000720a00000)
  to   space 21504K, 0% used [0x000000071e000000,0x000000071e000000,0x000000071f500000)
 ParOldGen       total 348160K, used 24K [0x00000005c2000000, 0x00000005d7400000, 0x0000000716000000)
  object space 348160K, 0% used [0x00000005c2000000,0x00000005c2006000,0x00000005d7400000)
 Metaspace       used 20682K, capacity 21180K, committed 21296K, reserved 1067008K
  class space    used 2681K, capacity 2845K, committed 2864K, reserved 1048576K
Event: 0.942 GC heap after
Heap after GC invocations=3 (full 1):
 PSYoungGen      total 152576K, used 0K [0x0000000716000000, 0x0000000728a00000, 0x00000007c0000000)
  eden space 131072K, 0% used [0x0000000716000000,0x0000000716000000,0x000000071e000000)
  from space 21504K, 0% used [0x000000071f500000,0x000000071f500000,0x0000000720a00000)
  to   space 21504K, 0% used [0x000000071e000000,0x000000071e000000,0x000000071f500000)
 ParOldGen       total 186368K, used 7270K [0x00000005c2000000, 0x00000005cd600000, 0x0000000716000000)
  object space 186368K, 3% used [0x00000005c2000000,0x00000005c2719898,0x00000005cd600000)
 Metaspace       used 20680K, capacity 21174K, committed 21296K, reserved 1067008K
  class space    used 2680K, capacity 2844K, committed 2864K, reserved 1048576K
}
Event: 1.442 GC heap before
{Heap before GC invocations=4 (full 1):
 PSYoungGen      total 152576K, used 131072K [0x0000000716000000, 0x0000000728a00000, 0x00000007c0000000)
  eden space 131072K, 100% used [0x0000000716000000,0x000000071e000000,0x000000071e000000)
  from space 21504K, 0% used [0x000000071f500000,0x000000071f500000,0x0000000720a00000)
  to   space 21504K, 0% used [0x000000071e000000,0x000000071e000000,0x000000071f500000)
 ParOldGen       total 186368K, used 7270K [0x00000005c2000000, 0x00000005cd600000, 0x0000000716000000)
  object space 186368K, 3% used [0x00000005c2000000,0x00000005c2719898,0x00000005cd600000)
 Metaspace       used 28037K, capacity 28844K, committed 28848K, reserved 1075200K
  class space    used 3555K, capacity 3758K, committed 3760K, reserved 1048576K
Event: 1.447 GC heap after
Heap after GC invocations=4 (full 1):
 PSYoungGen      total 152576K, used 10287K [0x0000000716000000, 0x0000000725380000, 0x00000007c0000000)
  eden space 131072K, 0% used [0x0000000716000000,0x0000000716000000,0x000000071e000000)
  from space 21504K, 47% used [0x000000071e000000,0x000000071ea0bdb8,0x000000071f500000)
  to   space 21504K, 0% used [0x0000000723e80000,0x0000000723e80000,0x0000000725380000)
 ParOldGen       total 186368K, used 7342K [0x00000005c2000000, 0x00000005cd600000, 0x0000000716000000)
  object space 186368K, 3% used [0x00000005c2000000,0x00000005c272b8a8,0x00000005cd600000)
 Metaspace       used 28037K, capacity 28844K, committed 28848K, reserved 1075200K
  class space    used 3555K, capacity 3758K, committed 3760K, reserved 1048576K
}
Event: 2.015 GC heap before
{Heap before GC invocations=5 (full 1):
 PSYoungGen      total 152576K, used 117564K [0x0000000716000000, 0x0000000725380000, 0x00000007c0000000)
  eden space 131072K, 81% used [0x0000000716000000,0x000000071c8c3550,0x000000071e000000)
  from space 21504K, 47% used [0x000000071e000000,0x000000071ea0bdb8,0x000000071f500000)
  to   space 21504K, 0% used [0x0000000723e80000,0x0000000723e80000,0x0000000725380000)
 ParOldGen       total 186368K, used 7342K [0x00000005c2000000, 0x00000005cd600000, 0x0000000716000000)
  object space 186368K, 3% used [0x00000005c2000000,0x00000005c272b8a8,0x00000005cd600000)
 Metaspace       used 34016K, capacity 35401K, committed 35496K, reserved 1081344K
  class space    used 4362K, capacity 4656K, committed 4656K, reserved 1048576K
Event: 2.021 GC heap after
Heap after GC invocations=5 (full 1):
 PSYoungGen      total 217600K, used 11210K [0x0000000716000000, 0x0000000724e80000, 0x00000007c0000000)
  eden space 201216K, 0% used [0x0000000716000000,0x0000000716000000,0x0000000722480000)
  from space 16384K, 68% used [0x0000000723e80000,0x0000000724972bc8,0x0000000724e80000)
  to   space 21504K, 0% used [0x0000000722480000,0x0000000722480000,0x0000000723980000)
 ParOldGen       total 186368K, used 7350K [0x00000005c2000000, 0x00000005cd600000, 0x0000000716000000)
  object space 186368K, 3% used [0x00000005c2000000,0x00000005c272d8a8,0x00000005cd600000)
 Metaspace       used 34016K, capacity 35401K, committed 35496K, reserved 1081344K
  class space    used 4362K, capacity 4656K, committed 4656K, reserved 1048576K
}
Event: 2.021 GC heap before
{Heap before GC invocations=6 (full 2):
 PSYoungGen      total 217600K, used 11210K [0x0000000716000000, 0x0000000724e80000, 0x00000007c0000000)
  eden space 201216K, 0% used [0x0000000716000000,0x0000000716000000,0x0000000722480000)
  from space 16384K, 68% used [0x0000000723e80000,0x0000000724972bc8,0x0000000724e80000)
  to   space 21504K, 0% used [0x0000000722480000,0x0000000722480000,0x0000000723980000)
 ParOldGen       total 186368K, used 7350K [0x00000005c2000000, 0x00000005cd600000, 0x0000000716000000)
  object space 186368K, 3% used [0x00000005c2000000,0x00000005c272d8a8,0x00000005cd600000)
 Metaspace       used 34016K, capacity 35401K, committed 35496K, reserved 1081344K
  class space    used 4362K, capacity 4656K, committed 4656K, reserved 1048576K
Event: 2.047 GC heap after
Heap after GC invocations=6 (full 2):
 PSYoungGen      total 217600K, used 0K [0x0000000716000000, 0x0000000724e80000, 0x00000007c0000000)
  eden space 201216K, 0% used [0x0000000716000000,0x0000000716000000,0x0000000722480000)
  from space 16384K, 0% used [0x0000000723e80000,0x0000000723e80000,0x0000000724e80000)
  to   space 21504K, 0% used [0x0000000722480000,0x0000000722480000,0x0000000723980000)
 ParOldGen       total 285184K, used 15481K [0x00000005c2000000, 0x00000005d3680000, 0x0000000716000000)
  object space 285184K, 5% used [0x00000005c2000000,0x00000005c2f1e598,0x00000005d3680000)
 Metaspace       used 34016K, capacity 35401K, committed 35496K, reserved 1081344K
  class space    used 4362K, capacity 4656K, committed 4656K, reserved 1048576K
}
Event: 3.215 GC heap before
{Heap before GC invocations=7 (full 2):
 PSYoungGen      total 217600K, used 201216K [0x0000000716000000, 0x0000000724e80000, 0x00000007c0000000)
  eden space 201216K, 100% used [0x0000000716000000,0x0000000722480000,0x0000000722480000)
  from space 16384K, 0% used [0x0000000723e80000,0x0000000723e80000,0x0000000724e80000)
  to   space 21504K, 0% used [0x0000000722480000,0x0000000722480000,0x0000000723980000)
 ParOldGen       total 285184K, used 15481K [0x00000005c2000000, 0x00000005d3680000, 0x0000000716000000)
  object space 285184K, 5% used [0x00000005c2000000,0x00000005c2f1e598,0x00000005d3680000)
 Metaspace       used 46285K, capacity 48217K, committed 48432K, reserved 1091584K
  class space    used 5959K, capacity 6343K, committed 6448K, reserved 1048576K
Event: 3.225 GC heap after
Heap after GC invocations=7 (full 2):
 PSYoungGen      total 222720K, used 18656K [0x0000000716000000, 0x000000072a280000, 0x00000007c0000000)
  eden space 201216K, 0% used [0x0000000716000000,0x0000000716000000,0x0000000722480000)
  from space 21504K, 86% used [0x0000000722480000,0x00000007236b8300,0x0000000723980000)
  to   space 18944K, 0% used [0x0000000729000000,0x0000000729000000,0x000000072a280000)
 ParOldGen       total 285184K, used 15489K [0x00000005c2000000, 0x00000005d3680000, 0x0000000716000000)
  object space 285184K, 5% used [0x00000005c2000000,0x00000005c2f20598,0x00000005d3680000)
 Metaspace       used 46285K, capacity 48217K, committed 48432K, reserved 1091584K
  class space    used 5959K, capacity 6343K, committed 6448K, reserved 1048576K
}

